kotlin version: 2.3.0
error message: Incremental compilation failed: The following FqNames can't be derived from DirtyData.dirtyLookupSymbols: no.nav.tilgangsmaskin.felles.cache.CacheBeanConfig.
DirtyData = DirtyData(dirtyLookupSymbols=[LookupSymbol(name=Companion, scope=no.nav.tilgangsmaskin.felles.cache.CacheConfig), LookupSymbol(name=id, scope=no.nav.tilgangsmaskin.felles.cache.CacheNøkkelHandler), LookupSymbol(name=VALKEY, scope=no.nav.tilgangsmaskin.felles.cache.CacheConfig), LookupSymbol(name=component4, scope=no.nav.tilgangsmaskin.felles.cache.CacheConfig), LookupSymbol(name=<SAM-CONSTRUCTOR>, scope=no.nav.tilgangsmaskin.felles.cache.CacheConfig), LookupSymbol(name=CacheConfig, scope=no.nav.tilgangsmaskin.felles.cache), LookupSymbol(name=<SAM-CONSTRUCTOR>, scope=no.nav.tilgangsmaskin.ansatt.nom.NomJPAAdapter), LookupSymbol(name=CacheNøkkelHandler, scope=no.nav.tilgangsmaskin.felles.cache), LookupSymbol(name=upsert, scope=no.nav.tilgangsmaskin.ansatt.nom.NomJPAAdapter), LookupSymbol(name=tilNøkkel, scope=no.nav.tilgangsmaskin.felles.cache.CacheNøkkelHandler), LookupSymbol(name=fraJson, scope=no.nav.tilgangsmaskin.felles.cache.CacheNøkkelHandler), LookupSymbol(name=<SAM-CONSTRUCTOR>, scope=no.nav.tilgangsmaskin.felles.cache.CacheNøkkelHandler), LookupSymbol(name=nøkkel, scope=no.nav.tilgangsmaskin.felles.cache.CacheNøkkelHandler), LookupSymbol(name=Companion, scope=no.nav.tilgangsmaskin.felles.cache.CacheBeanConfig), LookupSymbol(name=GlideCacheClient, scope=no.nav.tilgangsmaskin.felles.cache), LookupSymbol(name=<SAM-CONSTRUCTOR>, scope=no.nav.tilgangsmaskin.felles.cache.CacheBeanConfig), LookupSymbol(name=tilJson, scope=no.nav.tilgangsmaskin.felles.cache.CacheNøkkelHandler), LookupSymbol(name=<SAM-CONSTRUCTOR>, scope=no.nav.tilgangsmaskin.felles.cache.CacheBeanConfig.Companion), LookupSymbol(name=MAPPER, scope=no.nav.tilgangsmaskin.felles.cache.CacheBeanConfig.Companion), LookupSymbol(name=CacheOperations, scope=no.nav.tilgangsmaskin.felles.cache), LookupSymbol(name=SkjermingRestClientAdapter, scope=no.nav.tilgangsmaskin.ansatt.skjerming), LookupSymbol(name=LettuceCacheClient, scope=no.nav.tilgangsmaskin.felles.cache), LookupSymbol(name=cacheURI, scope=no.nav.tilgangsmaskin.felles.cache.CacheConfig), LookupSymbol(name=idFraNøkkel, scope=no.nav.tilgangsmaskin.felles.cache.CacheNøkkelHandler), LookupSymbol(name=port, scope=no.nav.tilgangsmaskin.felles.cache.CacheConfig), LookupSymbol(name=json, scope=no.nav.tilgangsmaskin.felles.cache.CacheNøkkelHandler), LookupSymbol(name=copy, scope=no.nav.tilgangsmaskin.felles.cache.CacheConfig)], dirtyClassesFqNames=[no.nav.tilgangsmaskin.ansatt.skjerming.SkjermingRestClientAdapter, no.nav.tilgangsmaskin.felles.cache.CacheConfig, no.nav.tilgangsmaskin.felles.cache.CacheNøkkelHandler, no.nav.tilgangsmaskin.felles.cache.CacheOperations, no.nav.tilgangsmaskin.felles.cache.GlideCacheClient, no.nav.tilgangsmaskin.felles.cache.LettuceCacheClient, no.nav.tilgangsmaskin.felles.cache.CacheBeanConfig, no.nav.tilgangsmaskin.felles.cache.CacheBeanConfig.Companion, no.nav.tilgangsmaskin.ansatt.nom.NomJPAAdapter], dirtyClassesFqNamesForceRecompile=[])
java.lang.IllegalStateException: The following FqNames can't be derived from DirtyData.dirtyLookupSymbols: no.nav.tilgangsmaskin.felles.cache.CacheBeanConfig.
DirtyData = DirtyData(dirtyLookupSymbols=[LookupSymbol(name=Companion, scope=no.nav.tilgangsmaskin.felles.cache.CacheConfig), LookupSymbol(name=id, scope=no.nav.tilgangsmaskin.felles.cache.CacheNøkkelHandler), LookupSymbol(name=VALKEY, scope=no.nav.tilgangsmaskin.felles.cache.CacheConfig), LookupSymbol(name=component4, scope=no.nav.tilgangsmaskin.felles.cache.CacheConfig), LookupSymbol(name=<SAM-CONSTRUCTOR>, scope=no.nav.tilgangsmaskin.felles.cache.CacheConfig), LookupSymbol(name=CacheConfig, scope=no.nav.tilgangsmaskin.felles.cache), LookupSymbol(name=<SAM-CONSTRUCTOR>, scope=no.nav.tilgangsmaskin.ansatt.nom.NomJPAAdapter), LookupSymbol(name=CacheNøkkelHandler, scope=no.nav.tilgangsmaskin.felles.cache), LookupSymbol(name=upsert, scope=no.nav.tilgangsmaskin.ansatt.nom.NomJPAAdapter), LookupSymbol(name=tilNøkkel, scope=no.nav.tilgangsmaskin.felles.cache.CacheNøkkelHandler), LookupSymbol(name=fraJson, scope=no.nav.tilgangsmaskin.felles.cache.CacheNøkkelHandler), LookupSymbol(name=<SAM-CONSTRUCTOR>, scope=no.nav.tilgangsmaskin.felles.cache.CacheNøkkelHandler), LookupSymbol(name=nøkkel, scope=no.nav.tilgangsmaskin.felles.cache.CacheNøkkelHandler), LookupSymbol(name=Companion, scope=no.nav.tilgangsmaskin.felles.cache.CacheBeanConfig), LookupSymbol(name=GlideCacheClient, scope=no.nav.tilgangsmaskin.felles.cache), LookupSymbol(name=<SAM-CONSTRUCTOR>, scope=no.nav.tilgangsmaskin.felles.cache.CacheBeanConfig), LookupSymbol(name=tilJson, scope=no.nav.tilgangsmaskin.felles.cache.CacheNøkkelHandler), LookupSymbol(name=<SAM-CONSTRUCTOR>, scope=no.nav.tilgangsmaskin.felles.cache.CacheBeanConfig.Companion), LookupSymbol(name=MAPPER, scope=no.nav.tilgangsmaskin.felles.cache.CacheBeanConfig.Companion), LookupSymbol(name=CacheOperations, scope=no.nav.tilgangsmaskin.felles.cache), LookupSymbol(name=SkjermingRestClientAdapter, scope=no.nav.tilgangsmaskin.ansatt.skjerming), LookupSymbol(name=LettuceCacheClient, scope=no.nav.tilgangsmaskin.felles.cache), LookupSymbol(name=cacheURI, scope=no.nav.tilgangsmaskin.felles.cache.CacheConfig), LookupSymbol(name=idFraNøkkel, scope=no.nav.tilgangsmaskin.felles.cache.CacheNøkkelHandler), LookupSymbol(name=port, scope=no.nav.tilgangsmaskin.felles.cache.CacheConfig), LookupSymbol(name=json, scope=no.nav.tilgangsmaskin.felles.cache.CacheNøkkelHandler), LookupSymbol(name=copy, scope=no.nav.tilgangsmaskin.felles.cache.CacheConfig)], dirtyClassesFqNames=[no.nav.tilgangsmaskin.ansatt.skjerming.SkjermingRestClientAdapter, no.nav.tilgangsmaskin.felles.cache.CacheConfig, no.nav.tilgangsmaskin.felles.cache.CacheNøkkelHandler, no.nav.tilgangsmaskin.felles.cache.CacheOperations, no.nav.tilgangsmaskin.felles.cache.GlideCacheClient, no.nav.tilgangsmaskin.felles.cache.LettuceCacheClient, no.nav.tilgangsmaskin.felles.cache.CacheBeanConfig, no.nav.tilgangsmaskin.felles.cache.CacheBeanConfig.Companion, no.nav.tilgangsmaskin.ansatt.nom.NomJPAAdapter], dirtyClassesFqNamesForceRecompile=[])
	at org.jetbrains.kotlin.incremental.classpathDiff.ClasspathChangesComputer.toProgramSymbols(ClasspathChangesComputer.kt:364)
	at org.jetbrains.kotlin.incremental.classpathDiff.ClasspathChangesComputer.computeFineGrainedKotlinClassChanges(ClasspathChangesComputer.kt:264)
	at org.jetbrains.kotlin.incremental.classpathDiff.ClasspathChangesComputer.computeKotlinClassChanges(ClasspathChangesComputer.kt:164)
	at org.jetbrains.kotlin.incremental.classpathDiff.ClasspathChangesComputer.computeClassChanges(ClasspathChangesComputer.kt:137)
	at org.jetbrains.kotlin.incremental.classpathDiff.ClasspathChangesComputer.computeChangedAndImpactedSet(ClasspathChangesComputer.kt:87)
	at org.jetbrains.kotlin.incremental.classpathDiff.ClasspathChangesComputer.computeClasspathChanges(ClasspathChangesComputer.kt:55)
	at org.jetbrains.kotlin.incremental.dirtyFiles.ClasspathSnapshotBasedImpactDeterminer.determineChangedAndImpactedSymbols(ClasspathSnapshotBasedImpactDeterminer.kt:42)
	at org.jetbrains.kotlin.incremental.dirtyFiles.JvmSourcesToCompileCalculator.calculateSourcesToCompileImpl(JvmSourcesToCompileCalculator.kt:41)
	at org.jetbrains.kotlin.incremental.dirtyFiles.JvmSourcesToCompileCalculator.calculateWithClasspathSnapshot(JvmSourcesToCompileCalculator.kt:97)
	at org.jetbrains.kotlin.incremental.IncrementalJvmCompilerRunner.calculateSourcesToCompile(IncrementalJvmCompilerRunner.kt:60)
	at org.jetbrains.kotlin.incremental.IncrementalJvmCompilerRunner.calculateSourcesToCompile(IncrementalJvmCompilerRunner.kt:23)
	at org.jetbrains.kotlin.incremental.IncrementalCompilerRunner.tryCompileIncrementally$lambda$0$compile(IncrementalCompilerRunner.kt:225)
	at org.jetbrains.kotlin.incremental.IncrementalCompilerRunner.tryCompileIncrementally(IncrementalCompilerRunner.kt:267)
	at org.jetbrains.kotlin.incremental.IncrementalCompilerRunner.compile(IncrementalCompilerRunner.kt:119)
	at org.jetbrains.kotlin.daemon.CompileServiceImplBase.execIncrementalCompiler(CompileServiceImpl.kt:684)
	at org.jetbrains.kotlin.daemon.CompileServiceImplBase.access$execIncrementalCompiler(CompileServiceImpl.kt:94)
	at org.jetbrains.kotlin.daemon.CompileServiceImpl.compile(CompileServiceImpl.kt:1810)
	at java.base/jdk.internal.reflect.DirectMethodHandleAccessor.invoke(DirectMethodHandleAccessor.java:104)
	at java.base/java.lang.reflect.Method.invoke(Method.java:565)
	at java.rmi/sun.rmi.server.UnicastServerRef.dispatch(UnicastServerRef.java:351)
	at java.rmi/sun.rmi.transport.Transport.serviceCall(Transport.java:166)
	at java.rmi/sun.rmi.transport.tcp.TCPTransport.handleMessages(TCPTransport.java:543)
	at java.rmi/sun.rmi.transport.tcp.TCPTransport$ConnectionHandler.run0(TCPTransport.java:744)
	at java.rmi/sun.rmi.transport.tcp.TCPTransport$ConnectionHandler.run(TCPTransport.java:623)
	at java.base/java.util.concurrent.ThreadPoolExecutor.runWorker(ThreadPoolExecutor.java:1090)
	at java.base/java.util.concurrent.ThreadPoolExecutor$Worker.run(ThreadPoolExecutor.java:614)
	at java.base/java.lang.Thread.run(Thread.java:1474)


